{"/Users/michaelconnolly/Desktop/gamehub/src/main/resources/static/rocket-rush/js/rocket-rush-logic.js": {"path":"/Users/michaelconnolly/Desktop/gamehub/src/main/resources/static/rocket-rush/js/rocket-rush-logic.js","statementMap":{"0":{"start":{"line":2,"column":4},"end":{"line":2,"column":null}},"1":{"start":{"line":3,"column":4},"end":{"line":3,"column":null}},"2":{"start":{"line":4,"column":4},"end":{"line":4,"column":null}},"3":{"start":{"line":5,"column":4},"end":{"line":5,"column":null}},"4":{"start":{"line":6,"column":4},"end":{"line":6,"column":null}},"5":{"start":{"line":11,"column":4},"end":{"line":11,"column":null}},"6":{"start":{"line":13,"column":4},"end":{"line":17,"column":null}},"7":{"start":{"line":14,"column":7},"end":{"line":14,"column":null}},"8":{"start":{"line":16,"column":7},"end":{"line":16,"column":null}},"9":{"start":{"line":22,"column":4},"end":{"line":28,"column":null}},"10":{"start":{"line":23,"column":8},"end":{"line":23,"column":null}},"11":{"start":{"line":25,"column":8},"end":{"line":27,"column":null}},"12":{"start":{"line":26,"column":12},"end":{"line":26,"column":null}},"13":{"start":{"line":32,"column":4},"end":{"line":38,"column":null}},"14":{"start":{"line":42,"column":4},"end":{"line":44,"column":null}},"15":{"start":{"line":43,"column":8},"end":{"line":43,"column":null}},"16":{"start":{"line":48,"column":4},"end":{"line":50,"column":null}},"17":{"start":{"line":49,"column":8},"end":{"line":49,"column":null}},"18":{"start":{"line":54,"column":4},"end":{"line":56,"column":null}},"19":{"start":{"line":55,"column":8},"end":{"line":55,"column":null}},"20":{"start":{"line":58,"column":4},"end":{"line":60,"column":null}},"21":{"start":{"line":59,"column":8},"end":{"line":59,"column":null}},"22":{"start":{"line":64,"column":24},"end":{"line":64,"column":26}},"23":{"start":{"line":65,"column":25},"end":{"line":65,"column":27}},"24":{"start":{"line":67,"column":4},"end":{"line":73,"column":null}},"25":{"start":{"line":77,"column":4},"end":{"line":79,"column":null}},"26":{"start":{"line":78,"column":8},"end":{"line":78,"column":null}},"27":{"start":{"line":84,"column":4},"end":{"line":97,"column":null}},"28":{"start":{"line":86,"column":8},"end":{"line":96,"column":null}},"29":{"start":{"line":88,"column":12},"end":{"line":95,"column":null}},"30":{"start":{"line":94,"column":16},"end":{"line":94,"column":null}},"31":{"start":{"line":99,"column":4},"end":{"line":99,"column":null}},"32":{"start":{"line":103,"column":4},"end":{"line":110,"column":null}},"33":{"start":{"line":116,"column":4},"end":{"line":116,"column":null}},"34":{"start":{"line":120,"column":4},"end":{"line":120,"column":null}},"35":{"start":{"line":124,"column":4},"end":{"line":124,"column":null}},"36":{"start":{"line":128,"column":4},"end":{"line":128,"column":null}},"37":{"start":{"line":129,"column":4},"end":{"line":129,"column":null}},"38":{"start":{"line":130,"column":4},"end":{"line":130,"column":null}},"39":{"start":{"line":131,"column":4},"end":{"line":131,"column":null}},"40":{"start":{"line":135,"column":4},"end":{"line":135,"column":null}},"41":{"start":{"line":139,"column":4},"end":{"line":141,"column":null}},"42":{"start":{"line":140,"column":8},"end":{"line":140,"column":null}},"43":{"start":{"line":146,"column":4},"end":{"line":168,"column":null}},"44":{"start":{"line":146,"column":29},"end":{"line":146,"column":30}},"45":{"start":{"line":147,"column":25},"end":{"line":147,"column":54}},"46":{"start":{"line":149,"column":32},"end":{"line":149,"column":34}},"47":{"start":{"line":151,"column":8},"end":{"line":167,"column":null}},"48":{"start":{"line":151,"column":31},"end":{"line":151,"column":32}},"49":{"start":{"line":152,"column":27},"end":{"line":152,"column":52}},"50":{"start":{"line":154,"column":34},"end":{"line":154,"column":35}},"51":{"start":{"line":156,"column":12},"end":{"line":166,"column":null}},"52":{"start":{"line":162,"column":16},"end":{"line":162,"column":null}},"53":{"start":{"line":163,"column":16},"end":{"line":163,"column":null}},"54":{"start":{"line":164,"column":16},"end":{"line":164,"column":null}},"55":{"start":{"line":165,"column":16},"end":{"line":165,"column":null}},"56":{"start":{"line":172,"column":4},"end":{"line":181,"column":null}},"57":{"start":{"line":173,"column":8},"end":{"line":180,"column":null}},"58":{"start":{"line":179,"column":12},"end":{"line":179,"column":null}},"59":{"start":{"line":183,"column":4},"end":{"line":183,"column":null}},"60":{"start":{"line":187,"column":26},"end":{"line":187,"column":28}},"61":{"start":{"line":188,"column":28},"end":{"line":188,"column":29}},"62":{"start":{"line":190,"column":4},"end":{"line":210,"column":null}},"63":{"start":{"line":190,"column":29},"end":{"line":190,"column":30}},"64":{"start":{"line":191,"column":25},"end":{"line":191,"column":54}},"65":{"start":{"line":193,"column":8},"end":{"line":209,"column":null}},"66":{"start":{"line":206,"column":12},"end":{"line":206,"column":null}},"67":{"start":{"line":207,"column":12},"end":{"line":207,"column":null}},"68":{"start":{"line":208,"column":12},"end":{"line":208,"column":null}},"69":{"start":{"line":214,"column":4},"end":{"line":216,"column":null}},"70":{"start":{"line":215,"column":8},"end":{"line":215,"column":null}},"71":{"start":{"line":220,"column":4},"end":{"line":222,"column":null}},"72":{"start":{"line":221,"column":8},"end":{"line":221,"column":null}}},"fnMap":{"0":{"name":"startGame","decl":{"start":{"line":1,"column":16},"end":{"line":1,"column":25}},"loc":{"start":{"line":1,"column":32},"end":{"line":8,"column":null}},"line":1},"1":{"name":"gameCountdown","decl":{"start":{"line":10,"column":16},"end":{"line":10,"column":29}},"loc":{"start":{"line":10,"column":36},"end":{"line":19,"column":null}},"line":10},"2":{"name":"gameTimer","decl":{"start":{"line":21,"column":16},"end":{"line":21,"column":25}},"loc":{"start":{"line":21,"column":32},"end":{"line":29,"column":null}},"line":21},"3":{"name":"createRocket","decl":{"start":{"line":31,"column":16},"end":{"line":31,"column":28}},"loc":{"start":{"line":31,"column":35},"end":{"line":39,"column":null}},"line":31},"4":{"name":"moveRocketRight","decl":{"start":{"line":41,"column":16},"end":{"line":41,"column":31}},"loc":{"start":{"line":41,"column":38},"end":{"line":45,"column":null}},"line":41},"5":{"name":"moveRocketLeft","decl":{"start":{"line":47,"column":16},"end":{"line":47,"column":30}},"loc":{"start":{"line":47,"column":37},"end":{"line":51,"column":null}},"line":47},"6":{"name":"loseLife","decl":{"start":{"line":53,"column":16},"end":{"line":53,"column":24}},"loc":{"start":{"line":53,"column":30},"end":{"line":61,"column":null}},"line":53},"7":{"name":"createBullet","decl":{"start":{"line":63,"column":16},"end":{"line":63,"column":28}},"loc":{"start":{"line":63,"column":34},"end":{"line":74,"column":null}},"line":63},"8":{"name":"moveBullet","decl":{"start":{"line":76,"column":16},"end":{"line":76,"column":26}},"loc":{"start":{"line":76,"column":33},"end":{"line":80,"column":null}},"line":76},"9":{"name":"bulletHitAsteroid","decl":{"start":{"line":82,"column":16},"end":{"line":82,"column":33}},"loc":{"start":{"line":82,"column":40},"end":{"line":100,"column":null}},"line":82},"10":{"name":"createAsteroid","decl":{"start":{"line":102,"column":16},"end":{"line":102,"column":30}},"loc":{"start":{"line":102,"column":45},"end":{"line":111,"column":null}},"line":102},"11":{"name":"destroyAsteroid","decl":{"start":{"line":113,"column":16},"end":{"line":113,"column":31}},"loc":{"start":{"line":113,"column":53},"end":{"line":117,"column":null}},"line":113},"12":{"name":"addScore","decl":{"start":{"line":119,"column":16},"end":{"line":119,"column":24}},"loc":{"start":{"line":119,"column":30},"end":{"line":121,"column":null}},"line":119},"13":{"name":"removeScore","decl":{"start":{"line":123,"column":16},"end":{"line":123,"column":27}},"loc":{"start":{"line":123,"column":33},"end":{"line":125,"column":null}},"line":123},"14":{"name":"restartGame","decl":{"start":{"line":127,"column":16},"end":{"line":127,"column":27}},"loc":{"start":{"line":127,"column":34},"end":{"line":132,"column":null}},"line":127},"15":{"name":"removeBullet","decl":{"start":{"line":134,"column":16},"end":{"line":134,"column":28}},"loc":{"start":{"line":134,"column":52},"end":{"line":136,"column":null}},"line":134},"16":{"name":"moveAsteroid","decl":{"start":{"line":138,"column":16},"end":{"line":138,"column":28}},"loc":{"start":{"line":138,"column":35},"end":{"line":142,"column":null}},"line":138},"17":{"name":"handleBulletAsteroidCollision","decl":{"start":{"line":144,"column":16},"end":{"line":144,"column":45}},"loc":{"start":{"line":144,"column":52},"end":{"line":169,"column":null}},"line":144},"18":{"name":"asteroidHitRocket","decl":{"start":{"line":171,"column":16},"end":{"line":171,"column":33}},"loc":{"start":{"line":171,"column":40},"end":{"line":184,"column":null}},"line":171},"19":{"name":"handleAsteroidRocketCollision","decl":{"start":{"line":186,"column":16},"end":{"line":186,"column":45}},"loc":{"start":{"line":186,"column":52},"end":{"line":211,"column":null}},"line":186},"20":{"name":"removeOffscreenAsteroids","decl":{"start":{"line":213,"column":16},"end":{"line":213,"column":40}},"loc":{"start":{"line":213,"column":47},"end":{"line":217,"column":null}},"line":213},"21":{"name":"(anonymous_21)","decl":{"start":{"line":214,"column":43},"end":{"line":214,"column":44}},"loc":{"start":{"line":214,"column":57},"end":{"line":216,"column":5}},"line":214},"22":{"name":"removeOffscreenBullets","decl":{"start":{"line":219,"column":16},"end":{"line":219,"column":38}},"loc":{"start":{"line":219,"column":45},"end":{"line":223,"column":null}},"line":219},"23":{"name":"(anonymous_23)","decl":{"start":{"line":220,"column":39},"end":{"line":220,"column":40}},"loc":{"start":{"line":220,"column":51},"end":{"line":222,"column":5}},"line":220}},"branchMap":{"0":{"loc":{"start":{"line":13,"column":4},"end":{"line":17,"column":null}},"type":"if","locations":[{"start":{"line":13,"column":4},"end":{"line":17,"column":null}},{"start":{"line":15,"column":10},"end":{"line":17,"column":null}}],"line":13},"1":{"loc":{"start":{"line":22,"column":4},"end":{"line":28,"column":null}},"type":"if","locations":[{"start":{"line":22,"column":4},"end":{"line":28,"column":null}},{"start":{},"end":{}}],"line":22},"2":{"loc":{"start":{"line":22,"column":8},"end":{"line":22,"column":51}},"type":"binary-expr","locations":[{"start":{"line":22,"column":8},"end":{"line":22,"column":33}},{"start":{"line":22,"column":37},"end":{"line":22,"column":51}}],"line":22},"3":{"loc":{"start":{"line":25,"column":8},"end":{"line":27,"column":null}},"type":"if","locations":[{"start":{"line":25,"column":8},"end":{"line":27,"column":null}},{"start":{},"end":{}}],"line":25},"4":{"loc":{"start":{"line":42,"column":4},"end":{"line":44,"column":null}},"type":"if","locations":[{"start":{"line":42,"column":4},"end":{"line":44,"column":null}},{"start":{},"end":{}}],"line":42},"5":{"loc":{"start":{"line":48,"column":4},"end":{"line":50,"column":null}},"type":"if","locations":[{"start":{"line":48,"column":4},"end":{"line":50,"column":null}},{"start":{},"end":{}}],"line":48},"6":{"loc":{"start":{"line":54,"column":4},"end":{"line":56,"column":null}},"type":"if","locations":[{"start":{"line":54,"column":4},"end":{"line":56,"column":null}},{"start":{},"end":{}}],"line":54},"7":{"loc":{"start":{"line":58,"column":4},"end":{"line":60,"column":null}},"type":"if","locations":[{"start":{"line":58,"column":4},"end":{"line":60,"column":null}},{"start":{},"end":{}}],"line":58},"8":{"loc":{"start":{"line":88,"column":12},"end":{"line":95,"column":null}},"type":"if","locations":[{"start":{"line":88,"column":12},"end":{"line":95,"column":null}},{"start":{},"end":{}}],"line":88},"9":{"loc":{"start":{"line":89,"column":16},"end":{"line":92,"column":null}},"type":"binary-expr","locations":[{"start":{"line":89,"column":16},"end":{"line":89,"column":54}},{"start":{"line":90,"column":16},"end":{"line":90,"column":52}},{"start":{"line":91,"column":16},"end":{"line":91,"column":55}},{"start":{"line":92,"column":16},"end":{"line":92,"column":null}}],"line":89},"10":{"loc":{"start":{"line":102,"column":37},"end":{"line":102,"column":44}},"type":"default-arg","locations":[{"start":{"line":102,"column":41},"end":{"line":102,"column":44}}],"line":102},"11":{"loc":{"start":{"line":134,"column":35},"end":{"line":134,"column":50}},"type":"default-arg","locations":[{"start":{"line":134,"column":49},"end":{"line":134,"column":50}}],"line":134},"12":{"loc":{"start":{"line":156,"column":12},"end":{"line":166,"column":null}},"type":"if","locations":[{"start":{"line":156,"column":12},"end":{"line":166,"column":null}},{"start":{},"end":{}}],"line":156},"13":{"loc":{"start":{"line":157,"column":16},"end":{"line":160,"column":null}},"type":"binary-expr","locations":[{"start":{"line":157,"column":16},"end":{"line":157,"column":88}},{"start":{"line":158,"column":16},"end":{"line":158,"column":86}},{"start":{"line":159,"column":16},"end":{"line":159,"column":89}},{"start":{"line":160,"column":16},"end":{"line":160,"column":null}}],"line":157},"14":{"loc":{"start":{"line":173,"column":8},"end":{"line":180,"column":null}},"type":"if","locations":[{"start":{"line":173,"column":8},"end":{"line":180,"column":null}},{"start":{},"end":{}}],"line":173},"15":{"loc":{"start":{"line":174,"column":12},"end":{"line":177,"column":null}},"type":"binary-expr","locations":[{"start":{"line":174,"column":12},"end":{"line":174,"column":55}},{"start":{"line":175,"column":12},"end":{"line":175,"column":58}},{"start":{"line":176,"column":12},"end":{"line":176,"column":56}},{"start":{"line":177,"column":12},"end":{"line":177,"column":null}}],"line":174},"16":{"loc":{"start":{"line":193,"column":8},"end":{"line":209,"column":null}},"type":"if","locations":[{"start":{"line":193,"column":8},"end":{"line":209,"column":null}},{"start":{},"end":{}}],"line":193},"17":{"loc":{"start":{"line":194,"column":12},"end":{"line":204,"column":null}},"type":"binary-expr","locations":[{"start":{"line":194,"column":12},"end":{"line":195,"column":57}},{"start":{"line":197,"column":12},"end":{"line":198,"column":40}},{"start":{"line":200,"column":12},"end":{"line":201,"column":58}},{"start":{"line":203,"column":12},"end":{"line":204,"column":null}}],"line":194}},"s":{"0":8,"1":8,"2":8,"3":8,"4":8,"5":5,"6":5,"7":2,"8":3,"9":4,"10":3,"11":3,"12":1,"13":6,"14":3,"15":1,"16":2,"17":1,"18":6,"19":5,"20":6,"21":2,"22":6,"23":6,"24":6,"25":2,"26":3,"27":4,"28":5,"29":6,"30":4,"31":0,"32":7,"33":8,"34":4,"35":1,"36":2,"37":2,"38":2,"39":2,"40":5,"41":2,"42":3,"43":3,"44":3,"45":4,"46":4,"47":4,"48":4,"49":6,"50":6,"51":6,"52":3,"53":3,"54":3,"55":3,"56":1,"57":1,"58":1,"59":0,"60":3,"61":3,"62":3,"63":3,"64":4,"65":4,"66":3,"67":3,"68":3,"69":1,"70":1,"71":1,"72":2},"f":{"0":8,"1":5,"2":4,"3":6,"4":3,"5":2,"6":6,"7":6,"8":2,"9":4,"10":7,"11":8,"12":4,"13":1,"14":2,"15":5,"16":2,"17":3,"18":1,"19":3,"20":1,"21":1,"22":1,"23":2},"b":{"0":[2,3],"1":[3,1],"2":[4,3],"3":[1,2],"4":[1,2],"5":[1,1],"6":[5,1],"7":[2,4],"8":[4,2],"9":[6,6,4,4],"10":[7],"11":[5],"12":[3,3],"13":[6,5,3,3],"14":[1,0],"15":[1,1,1,1],"16":[3,1],"17":[4,4,3,3]},"meta":{"lastBranch":18,"lastFunction":24,"lastStatement":73,"seen":{"f:1:16:1:25":0,"s:2:4:2:Infinity":0,"s:3:4:3:Infinity":1,"s:4:4:4:Infinity":2,"s:5:4:5:Infinity":3,"s:6:4:6:Infinity":4,"f:10:16:10:29":1,"s:11:4:11:Infinity":5,"b:13:4:17:Infinity:15:10:17:Infinity":0,"s:13:4:17:Infinity":6,"s:14:7:14:Infinity":7,"s:16:7:16:Infinity":8,"f:21:16:21:25":2,"b:22:4:28:Infinity:undefined:undefined:undefined:undefined":1,"s:22:4:28:Infinity":9,"b:22:8:22:33:22:37:22:51":2,"s:23:8:23:Infinity":10,"b:25:8:27:Infinity:undefined:undefined:undefined:undefined":3,"s:25:8:27:Infinity":11,"s:26:12:26:Infinity":12,"f:31:16:31:28":3,"s:32:4:38:Infinity":13,"f:41:16:41:31":4,"b:42:4:44:Infinity:undefined:undefined:undefined:undefined":4,"s:42:4:44:Infinity":14,"s:43:8:43:Infinity":15,"f:47:16:47:30":5,"b:48:4:50:Infinity:undefined:undefined:undefined:undefined":5,"s:48:4:50:Infinity":16,"s:49:8:49:Infinity":17,"f:53:16:53:24":6,"b:54:4:56:Infinity:undefined:undefined:undefined:undefined":6,"s:54:4:56:Infinity":18,"s:55:8:55:Infinity":19,"b:58:4:60:Infinity:undefined:undefined:undefined:undefined":7,"s:58:4:60:Infinity":20,"s:59:8:59:Infinity":21,"f:63:16:63:28":7,"s:64:24:64:26":22,"s:65:25:65:27":23,"s:67:4:73:Infinity":24,"f:76:16:76:26":8,"s:77:4:79:Infinity":25,"s:78:8:78:Infinity":26,"f:82:16:82:33":9,"s:84:4:97:Infinity":27,"s:86:8:96:Infinity":28,"b:88:12:95:Infinity:undefined:undefined:undefined:undefined":8,"s:88:12:95:Infinity":29,"b:89:16:89:54:90:16:90:52:91:16:91:55:92:16:92:Infinity":9,"s:94:16:94:Infinity":30,"s:99:4:99:Infinity":31,"f:102:16:102:30":10,"b:102:41:102:44":10,"s:103:4:110:Infinity":32,"f:113:16:113:31":11,"s:116:4:116:Infinity":33,"f:119:16:119:24":12,"s:120:4:120:Infinity":34,"f:123:16:123:27":13,"s:124:4:124:Infinity":35,"f:127:16:127:27":14,"s:128:4:128:Infinity":36,"s:129:4:129:Infinity":37,"s:130:4:130:Infinity":38,"s:131:4:131:Infinity":39,"f:134:16:134:28":15,"b:134:49:134:50":11,"s:135:4:135:Infinity":40,"f:138:16:138:28":16,"s:139:4:141:Infinity":41,"s:140:8:140:Infinity":42,"f:144:16:144:45":17,"s:146:4:168:Infinity":43,"s:146:29:146:30":44,"s:147:25:147:54":45,"s:149:32:149:34":46,"s:151:8:167:Infinity":47,"s:151:31:151:32":48,"s:152:27:152:52":49,"s:154:34:154:35":50,"b:156:12:166:Infinity:undefined:undefined:undefined:undefined":12,"s:156:12:166:Infinity":51,"b:157:16:157:88:158:16:158:86:159:16:159:89:160:16:160:Infinity":13,"s:162:16:162:Infinity":52,"s:163:16:163:Infinity":53,"s:164:16:164:Infinity":54,"s:165:16:165:Infinity":55,"f:171:16:171:33":18,"s:172:4:181:Infinity":56,"b:173:8:180:Infinity:undefined:undefined:undefined:undefined":14,"s:173:8:180:Infinity":57,"b:174:12:174:55:175:12:175:58:176:12:176:56:177:12:177:Infinity":15,"s:179:12:179:Infinity":58,"s:183:4:183:Infinity":59,"f:186:16:186:45":19,"s:187:26:187:28":60,"s:188:28:188:29":61,"s:190:4:210:Infinity":62,"s:190:29:190:30":63,"s:191:25:191:54":64,"b:193:8:209:Infinity:undefined:undefined:undefined:undefined":16,"s:193:8:209:Infinity":65,"b:194:12:195:57:197:12:198:40:200:12:201:58:203:12:204:Infinity":17,"s:206:12:206:Infinity":66,"s:207:12:207:Infinity":67,"s:208:12:208:Infinity":68,"f:213:16:213:40":20,"s:214:4:216:Infinity":69,"f:214:43:214:44":21,"s:215:8:215:Infinity":70,"f:219:16:219:38":22,"s:220:4:222:Infinity":71,"f:220:39:220:40":23,"s:221:8:221:Infinity":72},"fnNames":{}}}
}
